<?xml version="1.0" encoding="UTF-8"?>
<!-- Generated by org.testng.reporters.JUnitXMLReporter -->
<testsuite ignored="0" hostname="DESKTOP-S7DLDEP" failures="1" tests="1" name="Default test(failed)" time="11.089" errors="0" timestamp="2022-03-12T11:53:00 IST">
  <testcase classname="com.testsenarios.Studentregistrationn" name="f" time="11.014">
    <failure type="java.lang.IllegalArgumentException" message="Keys to send should be a not null CharSequence">
      <![CDATA[java.lang.IllegalArgumentException: Keys to send should be a not null CharSequence
at org.openqa.selenium.remote.RemoteWebElement.sendKeys(RemoteWebElement.java:92)
at com.utilites.WrapperClass.sendkeysbyanylocators(WrapperClass.java:25)
at com.testsenarios.Studentregistrationn.f(Studentregistrationn.java:24)
at java.base/java.util.ArrayList.forEach(ArrayList.java:1511)
... Removed 27 stack frames]]>
    </failure>
  </testcase> <!-- f -->
</testsuite> <!-- Default test(failed) -->
