<?xml version="1.0" encoding="UTF-8"?>
<testng-results ignored="0" total="1" passed="1" failed="0" skipped="0">
  <reporter-output>
  </reporter-output>
  <suite started-at="2022-03-23T12:57:58 IST" name="Default suite" finished-at="2022-03-23T12:58:00 IST" duration-ms="1592">
    <groups>
    </groups>
    <test started-at="2022-03-23T12:57:58 IST" name="Default test" finished-at="2022-03-23T12:58:00 IST" duration-ms="1592">
      <class name="com.testsenarios.Read_data_from_Excel">
        <test-method signature="f()[pri:0, instance:com.testsenarios.Read_data_from_Excel@67f639d3]" started-at="2022-03-23T12:57:58 IST" name="f" finished-at="2022-03-23T12:58:00 IST" duration-ms="1518" status="PASS">
          <reporter-output>
          </reporter-output>
        </test-method> <!-- f -->
      </class> <!-- com.testsenarios.Read_data_from_Excel -->
    </test> <!-- Default test -->
  </suite> <!-- Default suite -->
</testng-results>
