<?xml version="1.0" encoding="UTF-8"?>
<testng-results ignored="0" total="3" passed="3" failed="0" skipped="0">
  <reporter-output>
  </reporter-output>
  <suite started-at="2022-03-19T15:33:50 IST" name="cbtSuite" finished-at="2022-03-19T15:36:14 IST" duration-ms="144815">
    <groups>
    </groups>
    <test started-at="2022-03-19T15:33:50 IST" name="chromeTest" finished-at="2022-03-19T15:34:21 IST" duration-ms="31104">
      <class name="com.testsenarios.Fblogintestng">
        <test-method is-config="true" signature="browserlaunch(java.lang.String)[pri:0, instance:com.testsenarios.Fblogintestng@5e600dd5]" started-at="2022-03-19T15:33:50 IST" name="browserlaunch" finished-at="2022-03-19T15:34:05 IST" duration-ms="15017" status="PASS">
          <params>
            <param index="0">
              <value>
                <![CDATA[chrome]]>
              </value>
            </param>
          </params>
          <reporter-output>
          </reporter-output>
        </test-method> <!-- browserlaunch -->
        <test-method signature="f()[pri:0, instance:com.testsenarios.Fblogintestng@5e600dd5]" started-at="2022-03-19T15:34:05 IST" name="f" finished-at="2022-03-19T15:34:21 IST" duration-ms="16016" status="PASS">
          <reporter-output>
          </reporter-output>
        </test-method> <!-- f -->
      </class> <!-- com.testsenarios.Fblogintestng -->
    </test> <!-- chromeTest -->
    <test started-at="2022-03-19T15:34:21 IST" name="edgeTest" finished-at="2022-03-19T15:34:52 IST" duration-ms="31735">
      <class name="com.testsenarios.Fblogintestng">
        <test-method is-config="true" signature="browserlaunch(java.lang.String)[pri:0, instance:com.testsenarios.Fblogintestng@6e6f2380]" started-at="2022-03-19T15:34:21 IST" name="browserlaunch" finished-at="2022-03-19T15:34:49 IST" duration-ms="28691" status="PASS">
          <params>
            <param index="0">
              <value>
                <![CDATA[edge]]>
              </value>
            </param>
          </params>
          <reporter-output>
          </reporter-output>
        </test-method> <!-- browserlaunch -->
        <test-method signature="f()[pri:0, instance:com.testsenarios.Fblogintestng@6e6f2380]" started-at="2022-03-19T15:34:49 IST" name="f" finished-at="2022-03-19T15:34:52 IST" duration-ms="3037" status="PASS">
          <reporter-output>
          </reporter-output>
        </test-method> <!-- f -->
      </class> <!-- com.testsenarios.Fblogintestng -->
    </test> <!-- edgeTest -->
    <test started-at="2022-03-19T15:34:52 IST" name="firefoxTest" finished-at="2022-03-19T15:36:14 IST" duration-ms="81901">
      <class name="com.testsenarios.Fblogintestng">
        <test-method is-config="true" signature="browserlaunch(java.lang.String)[pri:0, instance:com.testsenarios.Fblogintestng@1530c739]" started-at="2022-03-19T15:34:52 IST" name="browserlaunch" finished-at="2022-03-19T15:36:04 IST" duration-ms="71234" status="PASS">
          <params>
            <param index="0">
              <value>
                <![CDATA[firefox]]>
              </value>
            </param>
          </params>
          <reporter-output>
          </reporter-output>
        </test-method> <!-- browserlaunch -->
        <test-method signature="f()[pri:0, instance:com.testsenarios.Fblogintestng@1530c739]" started-at="2022-03-19T15:36:04 IST" name="f" finished-at="2022-03-19T15:36:14 IST" duration-ms="10663" status="PASS">
          <reporter-output>
          </reporter-output>
        </test-method> <!-- f -->
      </class> <!-- com.testsenarios.Fblogintestng -->
    </test> <!-- firefoxTest -->
  </suite> <!-- cbtSuite -->
</testng-results>
